<?xml version="1.0" encoding="UTF-8"?>
<!-- Generated by org.testng.reporters.JUnitReportReporter -->
<testsuite hostname="DESKTOP-0GA7LO5" failures="0" tests="1" name="testUI.AddProductToCart" time="10.790" errors="0" timestamp="2024-12-22T03:34:48 IST" skipped="0">
  <testcase classname="testUI.AddProductToCart" name="verifyAddProductToCart" time="10.790"/>
</testsuite> <!-- testUI.AddProductToCart -->
