<?xml version="1.0" encoding="UTF-8"?>
<!-- Generated by org.testng.reporters.JUnitReportReporter -->
<testsuite hostname="DESKTOP-0GA7LO5" failures="0" tests="7" name="testUI.EndToEndTest" time="21.518" errors="0" timestamp="2024-12-27T22:49:05 IST" skipped="0">
  <testcase classname="testUI.EndToEndTest" name="verifyLogin" time="2.848"/>
  <testcase classname="testUI.EndToEndTest" name="verifySearchProductAndAddProductToCart" time="10.692"/>
  <testcase classname="testUI.EndToEndTest" name="verifyProductAddedToCart" time="0.243"/>
  <testcase classname="testUI.EndToEndTest" name="verifyCheckOutPageDetails" time="6.151"/>
  <testcase classname="testUI.EndToEndTest" name="verifyCheckOutOverviewPageDetails" time="0.258"/>
  <testcase classname="testUI.EndToEndTest" name="verifyUpdateValueInExcel" time="0.363"/>
  <testcase classname="testUI.EndToEndTest" name="verifyDatabaseResult" time="0.963"/>
</testsuite> <!-- testUI.EndToEndTest -->
