<?xml version="1.0" encoding="UTF-8"?>
<!-- Generated by org.testng.reporters.JUnitReportReporter -->
<testsuite hostname="DESKTOP-0GA7LO5" failures="0" tests="1" name="testUI.DatabaseTest" time="0.004" errors="0" timestamp="2024-12-19T22:54:47 IST" skipped="0">
  <testcase classname="testUI.DatabaseTest" name="dbTest" time="0.004"/>
</testsuite> <!-- testUI.DatabaseTest -->
