<?xml version="1.0" encoding="UTF-8"?>
<!-- Generated by org.testng.reporters.JUnitReportReporter -->
<testsuite hostname="DESKTOP-0GA7LO5" failures="0" tests="1" name="testUI.OpenMenuTest" time="0.559" errors="0" timestamp="2024-12-20T10:58:48 IST" skipped="0">
  <testcase classname="testUI.OpenMenuTest" name="openMenu" time="0.559"/>
</testsuite> <!-- testUI.OpenMenuTest -->
