<?xml version="1.0" encoding="UTF-8"?>
<!-- Generated by org.testng.reporters.JUnitReportReporter -->
<testsuite hostname="DESKTOP-0GA7LO5" failures="0" tests="5" name="testUI.EndToEndTest" time="26.524" errors="0" timestamp="2024-12-22T17:45:21 IST" skipped="0">
  <testcase classname="testUI.EndToEndTest" name="verifyLogin" time="4.072"/>
  <testcase classname="testUI.EndToEndTest" name="verifyAddProductToCart" time="10.792"/>
  <testcase classname="testUI.EndToEndTest" name="verifyProductAddedToCart" time="0.247"/>
  <testcase classname="testUI.EndToEndTest" name="verifyCheckOutPageDetails" time="11.123"/>
  <testcase classname="testUI.EndToEndTest" name="verifyCheckOutOverviewPageDetails" time="0.290"/>
</testsuite> <!-- testUI.EndToEndTest -->
