<?xml version="1.0" encoding="UTF-8"?>
<!-- Generated by org.testng.reporters.JUnitReportReporter -->
<testsuite hostname="DESKTOP-0GA7LO5" failures="0" tests="1" name="testUI.LoginPageTest" time="23.626" errors="0" timestamp="2024-12-20T10:58:48 IST" skipped="0">
  <testcase classname="testUI.LoginPageTest" name="loginTest" time="23.626"/>
</testsuite> <!-- testUI.LoginPageTest -->
