<?xml version="1.0" encoding="UTF-8"?>
<!-- Generated by org.testng.reporters.JUnitReportReporter -->
<testsuite hostname="DESKTOP-0GA7LO5" failures="0" tests="5" name="testUI.LoginPageTest" time="24.770" errors="0" timestamp="2024-12-22T03:50:41 IST" skipped="0">
  <testcase classname="testUI.LoginPageTest" name="verifyLogin" time="2.725"/>
  <testcase classname="testUI.LoginPageTest" name="verifyAddProductToCart" time="10.575"/>
  <testcase classname="testUI.LoginPageTest" name="verifyProductAddedToCart" time="0.203"/>
  <testcase classname="testUI.LoginPageTest" name="verifyCheckOutPageDetails" time="11.053"/>
  <testcase classname="testUI.LoginPageTest" name="verifyCheckOutOverviewPageDetails" time="0.214"/>
</testsuite> <!-- testUI.LoginPageTest -->
