<?xml version="1.0" encoding="UTF-8"?>
<!-- Generated by org.testng.reporters.JUnitReportReporter -->
<testsuite hostname="DESKTOP-0GA7LO5" failures="0" tests="2" name="testAPI.RestAPITest" time="2.368" errors="0" timestamp="2024-12-27T22:37:50 IST" skipped="0">
  <testcase classname="testAPI.RestAPITest" name="testGetUser" time="1.174"/>
  <testcase classname="testAPI.RestAPITest" name="testCreateUser" time="1.194"/>
</testsuite> <!-- testAPI.RestAPITest -->
