<?xml version="1.0" encoding="UTF-8"?>
<!-- Generated by org.testng.reporters.JUnitReportReporter -->
<testsuite hostname="DESKTOP-0GA7LO5" failures="0" tests="5" name="testUI.EndToEndTest" time="24.757" errors="0" timestamp="2024-12-23T01:47:19 IST" skipped="0">
  <testcase classname="testUI.EndToEndTest" name="verifyLogin" time="2.680"/>
  <testcase classname="testUI.EndToEndTest" name="verifyAddProductToCart" time="10.620"/>
  <testcase classname="testUI.EndToEndTest" name="verifyProductAddedToCart" time="0.216"/>
  <testcase classname="testUI.EndToEndTest" name="verifyCheckOutPageDetails" time="11.004"/>
  <testcase classname="testUI.EndToEndTest" name="verifyCheckOutOverviewPageDetails" time="0.237"/>
</testsuite> <!-- testUI.EndToEndTest -->
