<?xml version="1.0" encoding="UTF-8"?>
<!-- Generated by org.testng.reporters.JUnitReportReporter -->
<testsuite hostname="DESKTOP-0GA7LO5" failures="0" tests="1" name="testAPI.RestAPITest" time="0.464" errors="0" timestamp="2024-12-23T01:47:19 IST" skipped="0">
  <testcase classname="testAPI.RestAPITest" name="testGetUser" time="0.464"/>
</testsuite> <!-- testAPI.RestAPITest -->
