<?xml version="1.0" encoding="UTF-8"?>
<!-- Generated by org.testng.reporters.JUnitReportReporter -->
<testsuite hostname="DESKTOP-0GA7LO5" failures="0" tests="1" name="qa.tests.openMenuTest" time="0.163" errors="0" timestamp="2024-12-14T20:44:23 IST" skipped="0">
  <testcase classname="qa.tests.openMenuTest" name="openMenu" time="0.163"/>
</testsuite> <!-- qa.tests.openMenuTest -->
