<?xml version="1.0" encoding="UTF-8"?>
<!-- Generated by org.testng.reporters.JUnitReportReporter -->
<testsuite hostname="DESKTOP-0GA7LO5" failures="0" tests="5" name="testUI.EndToEndTest" time="25.499" errors="0" timestamp="2024-12-23T02:17:36 IST" skipped="0">
  <testcase classname="testUI.EndToEndTest" name="verifyLogin" time="3.090"/>
  <testcase classname="testUI.EndToEndTest" name="verifyAddProductToCart" time="10.748"/>
  <testcase classname="testUI.EndToEndTest" name="verifyProductAddedToCart" time="0.388"/>
  <testcase classname="testUI.EndToEndTest" name="verifyCheckOutPageDetails" time="10.952"/>
  <testcase classname="testUI.EndToEndTest" name="verifyCheckOutOverviewPageDetails" time="0.321"/>
</testsuite> <!-- testUI.EndToEndTest -->
