<?xml version="1.0" encoding="UTF-8"?>
<!-- Generated by org.testng.reporters.JUnitReportReporter -->
<testsuite hostname="DESKTOP-0GA7LO5" failures="0" tests="2" name="testAPI.RestAPITest" time="2.476" errors="0" timestamp="2024-12-27T01:01:52 IST" skipped="0">
  <testcase classname="testAPI.RestAPITest" name="testGetUser" time="1.701"/>
  <testcase classname="testAPI.RestAPITest" name="testCreateUser" time="0.775"/>
</testsuite> <!-- testAPI.RestAPITest -->
