<?xml version="1.0" encoding="UTF-8"?>
<!-- Generated by org.testng.reporters.JUnitReportReporter -->
<testsuite hostname="DESKTOP-0GA7LO5" failures="0" tests="1" name="qa.tests.LoginPageTest" time="8.327" errors="0" timestamp="2024-12-14T20:44:22 IST" skipped="0">
  <testcase classname="qa.tests.LoginPageTest" name="loginTest" time="8.327"/>
</testsuite> <!-- qa.tests.LoginPageTest -->
