<?xml version="1.0" encoding="UTF-8"?>
<!-- Generated by org.testng.reporters.JUnitReportReporter -->
<testsuite hostname="DESKTOP-0GA7LO5" failures="0" tests="7" name="testUI.EndToEndTest" time="34.181" errors="0" timestamp="2024-12-28T01:40:32 IST" skipped="0">
  <testcase classname="testUI.EndToEndTest" name="verifyLogin" time="6.612"/>
  <testcase classname="testUI.EndToEndTest" name="verifySearchProductAndAddProductToCart" time="11.739"/>
  <testcase classname="testUI.EndToEndTest" name="verifyProductAddedToCart" time="0.636"/>
  <testcase classname="testUI.EndToEndTest" name="verifyCheckOutPageDetails" time="11.378"/>
  <testcase classname="testUI.EndToEndTest" name="verifyCheckOutOverviewPageDetails" time="1.063"/>
  <testcase classname="testUI.EndToEndTest" name="verifyUpdateValueInExcel" time="1.329"/>
  <testcase classname="testUI.EndToEndTest" name="verifyDatabaseResult" time="1.424"/>
</testsuite> <!-- testUI.EndToEndTest -->
