<?xml version="1.0" encoding="UTF-8"?>
<!-- Generated by org.testng.reporters.JUnitReportReporter -->
<testsuite hostname="DESKTOP-0GA7LO5" failures="0" tests="2" name="testAPI.RestAPITest" time="1.890" errors="0" timestamp="2024-12-22T19:57:06 IST" skipped="0">
  <testcase classname="testAPI.RestAPITest" name="testGetUser" time="1.151"/>
  <testcase classname="testAPI.RestAPITest" name="testCreateUser" time="0.739"/>
</testsuite> <!-- testAPI.RestAPITest -->
