<?xml version="1.0" encoding="UTF-8"?>
<!-- Generated by org.testng.reporters.JUnitReportReporter -->
<testsuite hostname="DESKTOP-0GA7LO5" failures="0" tests="6" name="testUI.EndToEndTest" time="22.483" errors="0" timestamp="2024-12-27T01:00:39 IST" skipped="0">
  <testcase classname="testUI.EndToEndTest" name="verifyLogin" time="3.415"/>
  <testcase classname="testUI.EndToEndTest" name="verifySearchProductAndAddProductToCart" time="10.997"/>
  <testcase classname="testUI.EndToEndTest" name="verifyProductAddedToCart" time="0.284"/>
  <testcase classname="testUI.EndToEndTest" name="verifyCheckOutPageDetails" time="6.306"/>
  <testcase classname="testUI.EndToEndTest" name="verifyCheckOutOverviewPageDetails" time="0.468"/>
  <testcase classname="testUI.EndToEndTest" name="verifyUpdateValueInExcel" time="1.013"/>
</testsuite> <!-- testUI.EndToEndTest -->
