<?xml version="1.0" encoding="UTF-8"?>
<!-- Generated by org.testng.reporters.JUnitReportReporter -->
<testsuite hostname="DESKTOP-0GA7LO5" failures="0" tests="1" name="testUI.OpenMenuTest" time="17.840" errors="0" timestamp="2024-12-21T20:40:01 IST" skipped="0">
  <testcase classname="testUI.OpenMenuTest" name="verifyOpenMenu" time="17.840"/>
</testsuite> <!-- testUI.OpenMenuTest -->
